#
# A fatal error has been detected by the Java Runtime Environment:
#
#  Internal Error (./src/hotspot/os_cpu/windows_x86/os_windows_x86.cpp:145), pid=9716, tid=8100
#  guarantee(result == EXCEPTION_CONTINUE_EXECUTION) failed: Unexpected result from topLevelExceptionFilter
#
# JRE version: OpenJDK Runtime Environment GraalVM CE 20.1.0 (11.0.7+10) (build 11.0.7+10-jvmci-20.1-b02)
# Java VM: OpenJDK 64-Bit Server VM GraalVM CE 20.1.0 (11.0.7+10-jvmci-20.1-b02, mixed mode, sharing, tiered, jvmci, jvmci compiler, compressed oops, g1 gc, windows-amd64)
# No core dump will be written. Minidumps are not enabled by default on client versions of Windows
#
# If you would like to submit a bug report, please visit:
#   https://github.com/oracle/graal/issues
# The crash happened outside the Java Virtual Machine in native code.
# See problematic frame for where to report the bug.
#

---------------  S U M M A R Y ------------

Command Line: -XX:+UnlockExperimentalVMOptions -XX:+EnableJVMCIProduct -XX:-UnlockExperimentalVMOptions -XX:ThreadPriorityPolicy=1 -javaagent:C:\Program Files\intellij_idea\windows\lib\idea_rt.jar=56061:C:\Program Files\intellij_idea\windows\bin -Dfile.encoding=UTF-8 com.meyoustu.amuse.gous.lang.SystemTest

Host: Intel(R) Core(TM) i5-1035G1 CPU @ 1.00GHz, 8 cores, 15G,  Windows 10 , 64 bit Build 19041 (10.0.19041.292)
Time: Tue Jul 21 14:43:35 2020 中国标准时间 elapsed time: 36 seconds (0d 0h 0m 36s)

---------------  T H R E A D  ---------------

Current thread (0x00000212a7dee000):  JavaThread "main" [_thread_in_native, id=8100, stack(0x000000ad09a00000,0x000000ad09b00000)]

Stack: [0x000000ad09a00000,0x000000ad09b00000]
Native frames: (J=compiled Java code, j=interpreted, Vv=VM code, C=native code)
V  [jvm.dll+0x65b58a]
V  [jvm.dll+0x79cd9e]
V  [jvm.dll+0x79e48c]
V  [jvm.dll+0x79eaf7]
V  [jvm.dll+0x2546dc]
V  [jvm.dll+0x65b07c]
C  [ntdll.dll+0xa00ef]
C  [ntdll.dll+0x4b474]
C  [ntdll.dll+0x9ec1e]
C  [gous.dll+0x75a5]

Java frames: (J=compiled Java code, j=interpreted, Vv=VM code)
j  com.meyoustu.amuse.gous.lang.System.black(Ljava/lang/Object;)V+0
j  com.meyoustu.amuse.gous.lang.SystemTest.main([Ljava/lang/String;)V+4
v  ~StubRoutines::call_stub

---------------  P R O C E S S  ---------------

Threads class SMR info:
_java_thread_list=0x00000212ce59ec70, length=12, elements={
0x00000212a7dee000, 0x00000212cc4a3000, 0x00000212cc4a4000, 0x00000212cc4c3000,
0x00000212cc4c6000, 0x00000212cc4c9800, 0x00000212cc4d4000, 0x00000212cc4fa800,
0x00000212ccd80800, 0x00000212ccfd0800, 0x00000212ccfde000, 0x00000212ccfd5800
}

Java Threads: ( => current thread )
=>0x00000212a7dee000 JavaThread "main" [_thread_in_native, id=8100, stack(0x000000ad09a00000,0x000000ad09b00000)]
  0x00000212cc4a3000 JavaThread "Reference Handler" daemon [_thread_blocked, id=2744, stack(0x000000ad0a100000,0x000000ad0a200000)]
  0x00000212cc4a4000 JavaThread "Finalizer" daemon [_thread_blocked, id=18304, stack(0x000000ad0a200000,0x000000ad0a300000)]
  0x00000212cc4c3000 JavaThread "Signal Dispatcher" daemon [_thread_blocked, id=5172, stack(0x000000ad0a300000,0x000000ad0a400000)]
  0x00000212cc4c6000 JavaThread "Attach Listener" daemon [_thread_blocked, id=15964, stack(0x000000ad0a400000,0x000000ad0a500000)]
  0x00000212cc4c9800 JavaThread "JVMCI-native CompilerThread0" daemon [_thread_blocked, id=13752, stack(0x000000ad0a500000,0x000000ad0a600000)]
  0x00000212cc4d4000 JavaThread "C1 CompilerThread0" daemon [_thread_blocked, id=7752, stack(0x000000ad0a600000,0x000000ad0a700000)]
  0x00000212cc4fa800 JavaThread "Sweeper thread" daemon [_thread_blocked, id=19240, stack(0x000000ad0a700000,0x000000ad0a800000)]
  0x00000212ccd80800 JavaThread "Common-Cleaner" daemon [_thread_blocked, id=2508, stack(0x000000ad0a800000,0x000000ad0a900000)]
  0x00000212ccfd0800 JavaThread "Libgraal MBean Registration" daemon [_thread_blocked, id=5592, stack(0x000000ad0a900000,0x000000ad0aa00000)]
  0x00000212ccfde000 JavaThread "Monitor Ctrl-Break" daemon [_thread_in_native, id=1856, stack(0x000000ad0aa00000,0x000000ad0ab00000)]
  0x00000212ccfd5800 JavaThread "Service Thread" daemon [_thread_blocked, id=19120, stack(0x000000ad0ab00000,0x000000ad0ac00000)]

Other Threads:
  0x00000212cc4a2000 VMThread "VM Thread" [stack: 0x000000ad0a000000,0x000000ad0a100000] [id=16540]
  0x00000212ccfe3800 WatcherThread [stack: 0x000000ad0ac00000,0x000000ad0ad00000] [id=7172]
  0x00000212a7e05000 GCTaskThread "GC Thread#0" [stack: 0x000000ad09b00000,0x000000ad09c00000] [id=19368]
  0x00000212a7e5f000 ConcurrentGCThread "G1 Main Marker" [stack: 0x000000ad09c00000,0x000000ad09d00000] [id=17340]
  0x00000212a7e60800 ConcurrentGCThread "G1 Conc#0" [stack: 0x000000ad09d00000,0x000000ad09e00000] [id=6920]
  0x00000212a7ece800 ConcurrentGCThread "G1 Refine#0" [stack: 0x000000ad09e00000,0x000000ad09f00000] [id=15616]
  0x00000212cc3b1800 ConcurrentGCThread "G1 Young RemSet Sampling" [stack: 0x000000ad09f00000,0x000000ad0a000000] [id=19152]

Threads with active compile tasks:

VM state:not at safepoint (normal execution)

VM Mutex/Monitor currently owned by a thread: None

Heap address: 0x0000000704000000, size: 4032 MB, Compressed Oops mode: Zero based, Oop shift amount: 3
Narrow klass base: 0x0000000800000000, Narrow klass shift: 3
Compressed class space size: 1073741824 Address: 0x0000000840000000

Heap:
 garbage-first heap   total 258048K, used 7168K [0x0000000704000000, 0x0000000800000000)
  region size 1024K, 8 young (8192K), 0 survivors (0K)
 Metaspace       used 3957K, capacity 5982K, committed 6144K, reserved 1056768K
  class space    used 431K, capacity 659K, committed 768K, reserved 1048576K
Heap Regions: E=young(eden), S=young(survivor), O=old, HS=humongous(starts), HC=humongous(continues), CS=collection set, F=free, A=archive, TAMS=top-at-mark-start (previous, next)
|   0|0x0000000704000000, 0x0000000704000000, 0x0000000704100000|  0%| F|  |TAMS 0x0000000704000000, 0x0000000704000000| Untracked 
|   1|0x0000000704100000, 0x0000000704100000, 0x0000000704200000|  0%| F|  |TAMS 0x0000000704100000, 0x0000000704100000| Untracked 
|   2|0x0000000704200000, 0x0000000704200000, 0x0000000704300000|  0%| F|  |TAMS 0x0000000704200000, 0x0000000704200000| Untracked 
|   3|0x0000000704300000, 0x0000000704300000, 0x0000000704400000|  0%| F|  |TAMS 0x0000000704300000, 0x0000000704300000| Untracked 
|   4|0x0000000704400000, 0x0000000704400000, 0x0000000704500000|  0%| F|  |TAMS 0x0000000704400000, 0x0000000704400000| Untracked 
|   5|0x0000000704500000, 0x0000000704500000, 0x0000000704600000|  0%| F|  |TAMS 0x0000000704500000, 0x0000000704500000| Untracked 
|   6|0x0000000704600000, 0x0000000704600000, 0x0000000704700000|  0%| F|  |TAMS 0x0000000704600000, 0x0000000704600000| Untracked 
|   7|0x0000000704700000, 0x0000000704700000, 0x0000000704800000|  0%| F|  |TAMS 0x0000000704700000, 0x0000000704700000| Untracked 
|   8|0x0000000704800000, 0x0000000704800000, 0x0000000704900000|  0%| F|  |TAMS 0x0000000704800000, 0x0000000704800000| Untracked 
|   9|0x0000000704900000, 0x0000000704900000, 0x0000000704a00000|  0%| F|  |TAMS 0x0000000704900000, 0x0000000704900000| Untracked 
|  10|0x0000000704a00000, 0x0000000704a00000, 0x0000000704b00000|  0%| F|  |TAMS 0x0000000704a00000, 0x0000000704a00000| Untracked 
|  11|0x0000000704b00000, 0x0000000704b00000, 0x0000000704c00000|  0%| F|  |TAMS 0x0000000704b00000, 0x0000000704b00000| Untracked 
|  12|0x0000000704c00000, 0x0000000704c00000, 0x0000000704d00000|  0%| F|  |TAMS 0x0000000704c00000, 0x0000000704c00000| Untracked 
|  13|0x0000000704d00000, 0x0000000704d00000, 0x0000000704e00000|  0%| F|  |TAMS 0x0000000704d00000, 0x0000000704d00000| Untracked 
|  14|0x0000000704e00000, 0x0000000704e00000, 0x0000000704f00000|  0%| F|  |TAMS 0x0000000704e00000, 0x0000000704e00000| Untracked 
|  15|0x0000000704f00000, 0x0000000704f00000, 0x0000000705000000|  0%| F|  |TAMS 0x0000000704f00000, 0x0000000704f00000| Untracked 
|  16|0x0000000705000000, 0x0000000705000000, 0x0000000705100000|  0%| F|  |TAMS 0x0000000705000000, 0x0000000705000000| Untracked 
|  17|0x0000000705100000, 0x0000000705100000, 0x0000000705200000|  0%| F|  |TAMS 0x0000000705100000, 0x0000000705100000| Untracked 
|  18|0x0000000705200000, 0x0000000705200000, 0x0000000705300000|  0%| F|  |TAMS 0x0000000705200000, 0x0000000705200000| Untracked 
|  19|0x0000000705300000, 0x0000000705300000, 0x0000000705400000|  0%| F|  |TAMS 0x0000000705300000, 0x0000000705300000| Untracked 
|  20|0x0000000705400000, 0x0000000705400000, 0x0000000705500000|  0%| F|  |TAMS 0x0000000705400000, 0x0000000705400000| Untracked 
|  21|0x0000000705500000, 0x0000000705500000, 0x0000000705600000|  0%| F|  |TAMS 0x0000000705500000, 0x0000000705500000| Untracked 
|  22|0x0000000705600000, 0x0000000705600000, 0x0000000705700000|  0%| F|  |TAMS 0x0000000705600000, 0x0000000705600000| Untracked 
|  23|0x0000000705700000, 0x0000000705700000, 0x0000000705800000|  0%| F|  |TAMS 0x0000000705700000, 0x0000000705700000| Untracked 
|  24|0x0000000705800000, 0x0000000705800000, 0x0000000705900000|  0%| F|  |TAMS 0x0000000705800000, 0x0000000705800000| Untracked 
|  25|0x0000000705900000, 0x0000000705900000, 0x0000000705a00000|  0%| F|  |TAMS 0x0000000705900000, 0x0000000705900000| Untracked 
|  26|0x0000000705a00000, 0x0000000705a00000, 0x0000000705b00000|  0%| F|  |TAMS 0x0000000705a00000, 0x0000000705a00000| Untracked 
|  27|0x0000000705b00000, 0x0000000705b00000, 0x0000000705c00000|  0%| F|  |TAMS 0x0000000705b00000, 0x0000000705b00000| Untracked 
|  28|0x0000000705c00000, 0x0000000705c00000, 0x0000000705d00000|  0%| F|  |TAMS 0x0000000705c00000, 0x0000000705c00000| Untracked 
|  29|0x0000000705d00000, 0x0000000705d00000, 0x0000000705e00000|  0%| F|  |TAMS 0x0000000705d00000, 0x0000000705d00000| Untracked 
|  30|0x0000000705e00000, 0x0000000705e00000, 0x0000000705f00000|  0%| F|  |TAMS 0x0000000705e00000, 0x0000000705e00000| Untracked 
|  31|0x0000000705f00000, 0x0000000705f00000, 0x0000000706000000|  0%| F|  |TAMS 0x0000000705f00000, 0x0000000705f00000| Untracked 
|  32|0x0000000706000000, 0x0000000706000000, 0x0000000706100000|  0%| F|  |TAMS 0x0000000706000000, 0x0000000706000000| Untracked 
|  33|0x0000000706100000, 0x0000000706100000, 0x0000000706200000|  0%| F|  |TAMS 0x0000000706100000, 0x0000000706100000| Untracked 
|  34|0x0000000706200000, 0x0000000706200000, 0x0000000706300000|  0%| F|  |TAMS 0x0000000706200000, 0x0000000706200000| Untracked 
|  35|0x0000000706300000, 0x0000000706300000, 0x0000000706400000|  0%| F|  |TAMS 0x0000000706300000, 0x0000000706300000| Untracked 
|  36|0x0000000706400000, 0x0000000706400000, 0x0000000706500000|  0%| F|  |TAMS 0x0000000706400000, 0x0000000706400000| Untracked 
|  37|0x0000000706500000, 0x0000000706500000, 0x0000000706600000|  0%| F|  |TAMS 0x0000000706500000, 0x0000000706500000| Untracked 
|  38|0x0000000706600000, 0x0000000706600000, 0x0000000706700000|  0%| F|  |TAMS 0x0000000706600000, 0x0000000706600000| Untracked 
|  39|0x0000000706700000, 0x0000000706700000, 0x0000000706800000|  0%| F|  |TAMS 0x0000000706700000, 0x0000000706700000| Untracked 
|  40|0x0000000706800000, 0x0000000706800000, 0x0000000706900000|  0%| F|  |TAMS 0x0000000706800000, 0x0000000706800000| Untracked 
|  41|0x0000000706900000, 0x0000000706900000, 0x0000000706a00000|  0%| F|  |TAMS 0x0000000706900000, 0x0000000706900000| Untracked 
|  42|0x0000000706a00000, 0x0000000706a00000, 0x0000000706b00000|  0%| F|  |TAMS 0x0000000706a00000, 0x0000000706a00000| Untracked 
|  43|0x0000000706b00000, 0x0000000706b00000, 0x0000000706c00000|  0%| F|  |TAMS 0x0000000706b00000, 0x0000000706b00000| Untracked 
|  44|0x0000000706c00000, 0x0000000706c00000, 0x0000000706d00000|  0%| F|  |TAMS 0x0000000706c00000, 0x0000000706c00000| Untracked 
|  45|0x0000000706d00000, 0x0000000706d00000, 0x0000000706e00000|  0%| F|  |TAMS 0x0000000706d00000, 0x0000000706d00000| Untracked 
|  46|0x0000000706e00000, 0x0000000706e00000, 0x0000000706f00000|  0%| F|  |TAMS 0x0000000706e00000, 0x0000000706e00000| Untracked 
|  47|0x0000000706f00000, 0x0000000706f00000, 0x0000000707000000|  0%| F|  |TAMS 0x0000000706f00000, 0x0000000706f00000| Untracked 
|  48|0x0000000707000000, 0x0000000707000000, 0x0000000707100000|  0%| F|  |TAMS 0x0000000707000000, 0x0000000707000000| Untracked 
|  49|0x0000000707100000, 0x0000000707100000, 0x0000000707200000|  0%| F|  |TAMS 0x0000000707100000, 0x0000000707100000| Untracked 
|  50|0x0000000707200000, 0x0000000707200000, 0x0000000707300000|  0%| F|  |TAMS 0x0000000707200000, 0x0000000707200000| Untracked 
|  51|0x0000000707300000, 0x0000000707300000, 0x0000000707400000|  0%| F|  |TAMS 0x0000000707300000, 0x0000000707300000| Untracked 
|  52|0x0000000707400000, 0x0000000707400000, 0x0000000707500000|  0%| F|  |TAMS 0x0000000707400000, 0x0000000707400000| Untracked 
|  53|0x0000000707500000, 0x0000000707500000, 0x0000000707600000|  0%| F|  |TAMS 0x0000000707500000, 0x0000000707500000| Untracked 
|  54|0x0000000707600000, 0x0000000707600000, 0x0000000707700000|  0%| F|  |TAMS 0x0000000707600000, 0x0000000707600000| Untracked 
|  55|0x0000000707700000, 0x0000000707700000, 0x0000000707800000|  0%| F|  |TAMS 0x0000000707700000, 0x0000000707700000| Untracked 
|  56|0x0000000707800000, 0x0000000707800000, 0x0000000707900000|  0%| F|  |TAMS 0x0000000707800000, 0x0000000707800000| Untracked 
|  57|0x0000000707900000, 0x0000000707900000, 0x0000000707a00000|  0%| F|  |TAMS 0x0000000707900000, 0x0000000707900000| Untracked 
|  58|0x0000000707a00000, 0x0000000707a00000, 0x0000000707b00000|  0%| F|  |TAMS 0x0000000707a00000, 0x0000000707a00000| Untracked 
|  59|0x0000000707b00000, 0x0000000707b00000, 0x0000000707c00000|  0%| F|  |TAMS 0x0000000707b00000, 0x0000000707b00000| Untracked 
|  60|0x0000000707c00000, 0x0000000707c00000, 0x0000000707d00000|  0%| F|  |TAMS 0x0000000707c00000, 0x0000000707c00000| Untracked 
|  61|0x0000000707d00000, 0x0000000707d00000, 0x0000000707e00000|  0%| F|  |TAMS 0x0000000707d00000, 0x0000000707d00000| Untracked 
|  62|0x0000000707e00000, 0x0000000707e00000, 0x0000000707f00000|  0%| F|  |TAMS 0x0000000707e00000, 0x0000000707e00000| Untracked 
|  63|0x0000000707f00000, 0x0000000707f00000, 0x0000000708000000|  0%| F|  |TAMS 0x0000000707f00000, 0x0000000707f00000| Untracked 
|  64|0x0000000708000000, 0x0000000708000000, 0x0000000708100000|  0%| F|  |TAMS 0x0000000708000000, 0x0000000708000000| Untracked 
|  65|0x0000000708100000, 0x0000000708100000, 0x0000000708200000|  0%| F|  |TAMS 0x0000000708100000, 0x0000000708100000| Untracked 
|  66|0x0000000708200000, 0x0000000708200000, 0x0000000708300000|  0%| F|  |TAMS 0x0000000708200000, 0x0000000708200000| Untracked 
|  67|0x0000000708300000, 0x0000000708300000, 0x0000000708400000|  0%| F|  |TAMS 0x0000000708300000, 0x0000000708300000| Untracked 
|  68|0x0000000708400000, 0x0000000708400000, 0x0000000708500000|  0%| F|  |TAMS 0x0000000708400000, 0x0000000708400000| Untracked 
|  69|0x0000000708500000, 0x0000000708500000, 0x0000000708600000|  0%| F|  |TAMS 0x0000000708500000, 0x0000000708500000| Untracked 
|  70|0x0000000708600000, 0x0000000708600000, 0x0000000708700000|  0%| F|  |TAMS 0x0000000708600000, 0x0000000708600000| Untracked 
|  71|0x0000000708700000, 0x0000000708700000, 0x0000000708800000|  0%| F|  |TAMS 0x0000000708700000, 0x0000000708700000| Untracked 
|  72|0x0000000708800000, 0x0000000708800000, 0x0000000708900000|  0%| F|  |TAMS 0x0000000708800000, 0x0000000708800000| Untracked 
|  73|0x0000000708900000, 0x0000000708900000, 0x0000000708a00000|  0%| F|  |TAMS 0x0000000708900000, 0x0000000708900000| Untracked 
|  74|0x0000000708a00000, 0x0000000708a00000, 0x0000000708b00000|  0%| F|  |TAMS 0x0000000708a00000, 0x0000000708a00000| Untracked 
|  75|0x0000000708b00000, 0x0000000708b00000, 0x0000000708c00000|  0%| F|  |TAMS 0x0000000708b00000, 0x0000000708b00000| Untracked 
|  76|0x0000000708c00000, 0x0000000708c00000, 0x0000000708d00000|  0%| F|  |TAMS 0x0000000708c00000, 0x0000000708c00000| Untracked 
|  77|0x0000000708d00000, 0x0000000708d00000, 0x0000000708e00000|  0%| F|  |TAMS 0x0000000708d00000, 0x0000000708d00000| Untracked 
|  78|0x0000000708e00000, 0x0000000708e00000, 0x0000000708f00000|  0%| F|  |TAMS 0x0000000708e00000, 0x0000000708e00000| Untracked 
|  79|0x0000000708f00000, 0x0000000708f00000, 0x0000000709000000|  0%| F|  |TAMS 0x0000000708f00000, 0x0000000708f00000| Untracked 
|  80|0x0000000709000000, 0x0000000709000000, 0x0000000709100000|  0%| F|  |TAMS 0x0000000709000000, 0x0000000709000000| Untracked 
|  81|0x0000000709100000, 0x0000000709100000, 0x0000000709200000|  0%| F|  |TAMS 0x0000000709100000, 0x0000000709100000| Untracked 
|  82|0x0000000709200000, 0x0000000709200000, 0x0000000709300000|  0%| F|  |TAMS 0x0000000709200000, 0x0000000709200000| Untracked 
|  83|0x0000000709300000, 0x0000000709300000, 0x0000000709400000|  0%| F|  |TAMS 0x0000000709300000, 0x0000000709300000| Untracked 
|  84|0x0000000709400000, 0x0000000709400000, 0x0000000709500000|  0%| F|  |TAMS 0x0000000709400000, 0x0000000709400000| Untracked 
|  85|0x0000000709500000, 0x0000000709500000, 0x0000000709600000|  0%| F|  |TAMS 0x0000000709500000, 0x0000000709500000| Untracked 
|  86|0x0000000709600000, 0x0000000709600000, 0x0000000709700000|  0%| F|  |TAMS 0x0000000709600000, 0x0000000709600000| Untracked 
|  87|0x0000000709700000, 0x0000000709700000, 0x0000000709800000|  0%| F|  |TAMS 0x0000000709700000, 0x0000000709700000| Untracked 
|  88|0x0000000709800000, 0x0000000709800000, 0x0000000709900000|  0%| F|  |TAMS 0x0000000709800000, 0x0000000709800000| Untracked 
|  89|0x0000000709900000, 0x0000000709900000, 0x0000000709a00000|  0%| F|  |TAMS 0x0000000709900000, 0x0000000709900000| Untracked 
|  90|0x0000000709a00000, 0x0000000709a00000, 0x0000000709b00000|  0%| F|  |TAMS 0x0000000709a00000, 0x0000000709a00000| Untracked 
|  91|0x0000000709b00000, 0x0000000709b00000, 0x0000000709c00000|  0%| F|  |TAMS 0x0000000709b00000, 0x0000000709b00000| Untracked 
|  92|0x0000000709c00000, 0x0000000709c00000, 0x0000000709d00000|  0%| F|  |TAMS 0x0000000709c00000, 0x0000000709c00000| Untracked 
|  93|0x0000000709d00000, 0x0000000709d00000, 0x0000000709e00000|  0%| F|  |TAMS 0x0000000709d00000, 0x0000000709d00000| Untracked 
|  94|0x0000000709e00000, 0x0000000709e00000, 0x0000000709f00000|  0%| F|  |TAMS 0x0000000709e00000, 0x0000000709e00000| Untracked 
|  95|0x0000000709f00000, 0x0000000709f00000, 0x000000070a000000|  0%| F|  |TAMS 0x0000000709f00000, 0x0000000709f00000| Untracked 
|  96|0x000000070a000000, 0x000000070a000000, 0x000000070a100000|  0%| F|  |TAMS 0x000000070a000000, 0x000000070a000000| Untracked 
|  97|0x000000070a100000, 0x000000070a100000, 0x000000070a200000|  0%| F|  |TAMS 0x000000070a100000, 0x000000070a100000| Untracked 
|  98|0x000000070a200000, 0x000000070a200000, 0x000000070a300000|  0%| F|  |TAMS 0x000000070a200000, 0x000000070a200000| Untracked 
|  99|0x000000070a300000, 0x000000070a300000, 0x000000070a400000|  0%| F|  |TAMS 0x000000070a300000, 0x000000070a300000| Untracked 
| 100|0x000000070a400000, 0x000000070a400000, 0x000000070a500000|  0%| F|  |TAMS 0x000000070a400000, 0x000000070a400000| Untracked 
| 101|0x000000070a500000, 0x000000070a500000, 0x000000070a600000|  0%| F|  |TAMS 0x000000070a500000, 0x000000070a500000| Untracked 
| 102|0x000000070a600000, 0x000000070a600000, 0x000000070a700000|  0%| F|  |TAMS 0x000000070a600000, 0x000000070a600000| Untracked 
| 103|0x000000070a700000, 0x000000070a700000, 0x000000070a800000|  0%| F|  |TAMS 0x000000070a700000, 0x000000070a700000| Untracked 
| 104|0x000000070a800000, 0x000000070a800000, 0x000000070a900000|  0%| F|  |TAMS 0x000000070a800000, 0x000000070a800000| Untracked 
| 105|0x000000070a900000, 0x000000070a900000, 0x000000070aa00000|  0%| F|  |TAMS 0x000000070a900000, 0x000000070a900000| Untracked 
| 106|0x000000070aa00000, 0x000000070aa00000, 0x000000070ab00000|  0%| F|  |TAMS 0x000000070aa00000, 0x000000070aa00000| Untracked 
| 107|0x000000070ab00000, 0x000000070ab00000, 0x000000070ac00000|  0%| F|  |TAMS 0x000000070ab00000, 0x000000070ab00000| Untracked 
| 108|0x000000070ac00000, 0x000000070ac00000, 0x000000070ad00000|  0%| F|  |TAMS 0x000000070ac00000, 0x000000070ac00000| Untracked 
| 109|0x000000070ad00000, 0x000000070ad00000, 0x000000070ae00000|  0%| F|  |TAMS 0x000000070ad00000, 0x000000070ad00000| Untracked 
| 110|0x000000070ae00000, 0x000000070ae00000, 0x000000070af00000|  0%| F|  |TAMS 0x000000070ae00000, 0x000000070ae00000| Untracked 
| 111|0x000000070af00000, 0x000000070af00000, 0x000000070b000000|  0%| F|  |TAMS 0x000000070af00000, 0x000000070af00000| Untracked 
| 112|0x000000070b000000, 0x000000070b000000, 0x000000070b100000|  0%| F|  |TAMS 0x000000070b000000, 0x000000070b000000| Untracked 
| 113|0x000000070b100000, 0x000000070b100000, 0x000000070b200000|  0%| F|  |TAMS 0x000000070b100000, 0x000000070b100000| Untracked 
| 114|0x000000070b200000, 0x000000070b200000, 0x000000070b300000|  0%| F|  |TAMS 0x000000070b200000, 0x000000070b200000| Untracked 
| 115|0x000000070b300000, 0x000000070b300000, 0x000000070b400000|  0%| F|  |TAMS 0x000000070b300000, 0x000000070b300000| Untracked 
| 116|0x000000070b400000, 0x000000070b400000, 0x000000070b500000|  0%| F|  |TAMS 0x000000070b400000, 0x000000070b400000| Untracked 
| 117|0x000000070b500000, 0x000000070b500000, 0x000000070b600000|  0%| F|  |TAMS 0x000000070b500000, 0x000000070b500000| Untracked 
| 118|0x000000070b600000, 0x000000070b600000, 0x000000070b700000|  0%| F|  |TAMS 0x000000070b600000, 0x000000070b600000| Untracked 
| 119|0x000000070b700000, 0x000000070b700000, 0x000000070b800000|  0%| F|  |TAMS 0x000000070b700000, 0x000000070b700000| Untracked 
| 120|0x000000070b800000, 0x000000070b800000, 0x000000070b900000|  0%| F|  |TAMS 0x000000070b800000, 0x000000070b800000| Untracked 
| 121|0x000000070b900000, 0x000000070b900000, 0x000000070ba00000|  0%| F|  |TAMS 0x000000070b900000, 0x000000070b900000| Untracked 
| 122|0x000000070ba00000, 0x000000070ba00000, 0x000000070bb00000|  0%| F|  |TAMS 0x000000070ba00000, 0x000000070ba00000| Untracked 
| 123|0x000000070bb00000, 0x000000070bb00000, 0x000000070bc00000|  0%| F|  |TAMS 0x000000070bb00000, 0x000000070bb00000| Untracked 
| 124|0x000000070bc00000, 0x000000070bc00000, 0x000000070bd00000|  0%| F|  |TAMS 0x000000070bc00000, 0x000000070bc00000| Untracked 
| 125|0x000000070bd00000, 0x000000070bd00000, 0x000000070be00000|  0%| F|  |TAMS 0x000000070bd00000, 0x000000070bd00000| Untracked 
| 126|0x000000070be00000, 0x000000070be00000, 0x000000070bf00000|  0%| F|  |TAMS 0x000000070be00000, 0x000000070be00000| Untracked 
| 127|0x000000070bf00000, 0x000000070bf00000, 0x000000070c000000|  0%| F|  |TAMS 0x000000070bf00000, 0x000000070bf00000| Untracked 
| 128|0x000000070c000000, 0x000000070c000000, 0x000000070c100000|  0%| F|  |TAMS 0x000000070c000000, 0x000000070c000000| Untracked 
| 129|0x000000070c100000, 0x000000070c100000, 0x000000070c200000|  0%| F|  |TAMS 0x000000070c100000, 0x000000070c100000| Untracked 
| 130|0x000000070c200000, 0x000000070c200000, 0x000000070c300000|  0%| F|  |TAMS 0x000000070c200000, 0x000000070c200000| Untracked 
| 131|0x000000070c300000, 0x000000070c300000, 0x000000070c400000|  0%| F|  |TAMS 0x000000070c300000, 0x000000070c300000| Untracked 
| 132|0x000000070c400000, 0x000000070c400000, 0x000000070c500000|  0%| F|  |TAMS 0x000000070c400000, 0x000000070c400000| Untracked 
| 133|0x000000070c500000, 0x000000070c500000, 0x000000070c600000|  0%| F|  |TAMS 0x000000070c500000, 0x000000070c500000| Untracked 
| 134|0x000000070c600000, 0x000000070c600000, 0x000000070c700000|  0%| F|  |TAMS 0x000000070c600000, 0x000000070c600000| Untracked 
| 135|0x000000070c700000, 0x000000070c700000, 0x000000070c800000|  0%| F|  |TAMS 0x000000070c700000, 0x000000070c700000| Untracked 
| 136|0x000000070c800000, 0x000000070c800000, 0x000000070c900000|  0%| F|  |TAMS 0x000000070c800000, 0x000000070c800000| Untracked 
| 137|0x000000070c900000, 0x000000070c900000, 0x000000070ca00000|  0%| F|  |TAMS 0x000000070c900000, 0x000000070c900000| Untracked 
| 138|0x000000070ca00000, 0x000000070ca00000, 0x000000070cb00000|  0%| F|  |TAMS 0x000000070ca00000, 0x000000070ca00000| Untracked 
| 139|0x000000070cb00000, 0x000000070cb00000, 0x000000070cc00000|  0%| F|  |TAMS 0x000000070cb00000, 0x000000070cb00000| Untracked 
| 140|0x000000070cc00000, 0x000000070cc00000, 0x000000070cd00000|  0%| F|  |TAMS 0x000000070cc00000, 0x000000070cc00000| Untracked 
| 141|0x000000070cd00000, 0x000000070cd00000, 0x000000070ce00000|  0%| F|  |TAMS 0x000000070cd00000, 0x000000070cd00000| Untracked 
| 142|0x000000070ce00000, 0x000000070ce00000, 0x000000070cf00000|  0%| F|  |TAMS 0x000000070ce00000, 0x000000070ce00000| Untracked 
| 143|0x000000070cf00000, 0x000000070cf00000, 0x000000070d000000|  0%| F|  |TAMS 0x000000070cf00000, 0x000000070cf00000| Untracked 
| 144|0x000000070d000000, 0x000000070d000000, 0x000000070d100000|  0%| F|  |TAMS 0x000000070d000000, 0x000000070d000000| Untracked 
| 145|0x000000070d100000, 0x000000070d100000, 0x000000070d200000|  0%| F|  |TAMS 0x000000070d100000, 0x000000070d100000| Untracked 
| 146|0x000000070d200000, 0x000000070d200000, 0x000000070d300000|  0%| F|  |TAMS 0x000000070d200000, 0x000000070d200000| Untracked 
| 147|0x000000070d300000, 0x000000070d300000, 0x000000070d400000|  0%| F|  |TAMS 0x000000070d300000, 0x000000070d300000| Untracked 
| 148|0x000000070d400000, 0x000000070d400000, 0x000000070d500000|  0%| F|  |TAMS 0x000000070d400000, 0x000000070d400000| Untracked 
| 149|0x000000070d500000, 0x000000070d500000, 0x000000070d600000|  0%| F|  |TAMS 0x000000070d500000, 0x000000070d500000| Untracked 
| 150|0x000000070d600000, 0x000000070d600000, 0x000000070d700000|  0%| F|  |TAMS 0x000000070d600000, 0x000000070d600000| Untracked 
| 151|0x000000070d700000, 0x000000070d700000, 0x000000070d800000|  0%| F|  |TAMS 0x000000070d700000, 0x000000070d700000| Untracked 
| 152|0x000000070d800000, 0x000000070d800000, 0x000000070d900000|  0%| F|  |TAMS 0x000000070d800000, 0x000000070d800000| Untracked 
| 153|0x000000070d900000, 0x000000070d900000, 0x000000070da00000|  0%| F|  |TAMS 0x000000070d900000, 0x000000070d900000| Untracked 
| 154|0x000000070da00000, 0x000000070da00000, 0x000000070db00000|  0%| F|  |TAMS 0x000000070da00000, 0x000000070da00000| Untracked 
| 155|0x000000070db00000, 0x000000070db00000, 0x000000070dc00000|  0%| F|  |TAMS 0x000000070db00000, 0x000000070db00000| Untracked 
| 156|0x000000070dc00000, 0x000000070dc00000, 0x000000070dd00000|  0%| F|  |TAMS 0x000000070dc00000, 0x000000070dc00000| Untracked 
| 157|0x000000070dd00000, 0x000000070dd00000, 0x000000070de00000|  0%| F|  |TAMS 0x000000070dd00000, 0x000000070dd00000| Untracked 
| 158|0x000000070de00000, 0x000000070de00000, 0x000000070df00000|  0%| F|  |TAMS 0x000000070de00000, 0x000000070de00000| Untracked 
| 159|0x000000070df00000, 0x000000070df00000, 0x000000070e000000|  0%| F|  |TAMS 0x000000070df00000, 0x000000070df00000| Untracked 
| 160|0x000000070e000000, 0x000000070e000000, 0x000000070e100000|  0%| F|  |TAMS 0x000000070e000000, 0x000000070e000000| Untracked 
| 161|0x000000070e100000, 0x000000070e100000, 0x000000070e200000|  0%| F|  |TAMS 0x000000070e100000, 0x000000070e100000| Untracked 
| 162|0x000000070e200000, 0x000000070e200000, 0x000000070e300000|  0%| F|  |TAMS 0x000000070e200000, 0x000000070e200000| Untracked 
| 163|0x000000070e300000, 0x000000070e300000, 0x000000070e400000|  0%| F|  |TAMS 0x000000070e300000, 0x000000070e300000| Untracked 
| 164|0x000000070e400000, 0x000000070e400000, 0x000000070e500000|  0%| F|  |TAMS 0x000000070e400000, 0x000000070e400000| Untracked 
| 165|0x000000070e500000, 0x000000070e500000, 0x000000070e600000|  0%| F|  |TAMS 0x000000070e500000, 0x000000070e500000| Untracked 
| 166|0x000000070e600000, 0x000000070e600000, 0x000000070e700000|  0%| F|  |TAMS 0x000000070e600000, 0x000000070e600000| Untracked 
| 167|0x000000070e700000, 0x000000070e700000, 0x000000070e800000|  0%| F|  |TAMS 0x000000070e700000, 0x000000070e700000| Untracked 
| 168|0x000000070e800000, 0x000000070e800000, 0x000000070e900000|  0%| F|  |TAMS 0x000000070e800000, 0x000000070e800000| Untracked 
| 169|0x000000070e900000, 0x000000070e900000, 0x000000070ea00000|  0%| F|  |TAMS 0x000000070e900000, 0x000000070e900000| Untracked 
| 170|0x000000070ea00000, 0x000000070ea00000, 0x000000070eb00000|  0%| F|  |TAMS 0x000000070ea00000, 0x000000070ea00000| Untracked 
| 171|0x000000070eb00000, 0x000000070eb00000, 0x000000070ec00000|  0%| F|  |TAMS 0x000000070eb00000, 0x000000070eb00000| Untracked 
| 172|0x000000070ec00000, 0x000000070ec00000, 0x000000070ed00000|  0%| F|  |TAMS 0x000000070ec00000, 0x000000070ec00000| Untracked 
| 173|0x000000070ed00000, 0x000000070ed00000, 0x000000070ee00000|  0%| F|  |TAMS 0x000000070ed00000, 0x000000070ed00000| Untracked 
| 174|0x000000070ee00000, 0x000000070ee00000, 0x000000070ef00000|  0%| F|  |TAMS 0x000000070ee00000, 0x000000070ee00000| Untracked 
| 175|0x000000070ef00000, 0x000000070ef00000, 0x000000070f000000|  0%| F|  |TAMS 0x000000070ef00000, 0x000000070ef00000| Untracked 
| 176|0x000000070f000000, 0x000000070f000000, 0x000000070f100000|  0%| F|  |TAMS 0x000000070f000000, 0x000000070f000000| Untracked 
| 177|0x000000070f100000, 0x000000070f100000, 0x000000070f200000|  0%| F|  |TAMS 0x000000070f100000, 0x000000070f100000| Untracked 
| 178|0x000000070f200000, 0x000000070f200000, 0x000000070f300000|  0%| F|  |TAMS 0x000000070f200000, 0x000000070f200000| Untracked 
| 179|0x000000070f300000, 0x000000070f300000, 0x000000070f400000|  0%| F|  |TAMS 0x000000070f300000, 0x000000070f300000| Untracked 
| 180|0x000000070f400000, 0x000000070f400000, 0x000000070f500000|  0%| F|  |TAMS 0x000000070f400000, 0x000000070f400000| Untracked 
| 181|0x000000070f500000, 0x000000070f500000, 0x000000070f600000|  0%| F|  |TAMS 0x000000070f500000, 0x000000070f500000| Untracked 
| 182|0x000000070f600000, 0x000000070f600000, 0x000000070f700000|  0%| F|  |TAMS 0x000000070f600000, 0x000000070f600000| Untracked 
| 183|0x000000070f700000, 0x000000070f700000, 0x000000070f800000|  0%| F|  |TAMS 0x000000070f700000, 0x000000070f700000| Untracked 
| 184|0x000000070f800000, 0x000000070f800000, 0x000000070f900000|  0%| F|  |TAMS 0x000000070f800000, 0x000000070f800000| Untracked 
| 185|0x000000070f900000, 0x000000070f900000, 0x000000070fa00000|  0%| F|  |TAMS 0x000000070f900000, 0x000000070f900000| Untracked 
| 186|0x000000070fa00000, 0x000000070fa00000, 0x000000070fb00000|  0%| F|  |TAMS 0x000000070fa00000, 0x000000070fa00000| Untracked 
| 187|0x000000070fb00000, 0x000000070fb00000, 0x000000070fc00000|  0%| F|  |TAMS 0x000000070fb00000, 0x000000070fb00000| Untracked 
| 188|0x000000070fc00000, 0x000000070fc00000, 0x000000070fd00000|  0%| F|  |TAMS 0x000000070fc00000, 0x000000070fc00000| Untracked 
| 189|0x000000070fd00000, 0x000000070fd00000, 0x000000070fe00000|  0%| F|  |TAMS 0x000000070fd00000, 0x000000070fd00000| Untracked 
| 190|0x000000070fe00000, 0x000000070fe00000, 0x000000070ff00000|  0%| F|  |TAMS 0x000000070fe00000, 0x000000070fe00000| Untracked 
| 191|0x000000070ff00000, 0x000000070ff00000, 0x0000000710000000|  0%| F|  |TAMS 0x000000070ff00000, 0x000000070ff00000| Untracked 
| 192|0x0000000710000000, 0x0000000710000000, 0x0000000710100000|  0%| F|  |TAMS 0x0000000710000000, 0x0000000710000000| Untracked 
| 193|0x0000000710100000, 0x0000000710100000, 0x0000000710200000|  0%| F|  |TAMS 0x0000000710100000, 0x0000000710100000| Untracked 
| 194|0x0000000710200000, 0x0000000710200000, 0x0000000710300000|  0%| F|  |TAMS 0x0000000710200000, 0x0000000710200000| Untracked 
| 195|0x0000000710300000, 0x0000000710300000, 0x0000000710400000|  0%| F|  |TAMS 0x0000000710300000, 0x0000000710300000| Untracked 
| 196|0x0000000710400000, 0x0000000710400000, 0x0000000710500000|  0%| F|  |TAMS 0x0000000710400000, 0x0000000710400000| Untracked 
| 197|0x0000000710500000, 0x0000000710500000, 0x0000000710600000|  0%| F|  |TAMS 0x0000000710500000, 0x0000000710500000| Untracked 
| 198|0x0000000710600000, 0x0000000710600000, 0x0000000710700000|  0%| F|  |TAMS 0x0000000710600000, 0x0000000710600000| Untracked 
| 199|0x0000000710700000, 0x0000000710700000, 0x0000000710800000|  0%| F|  |TAMS 0x0000000710700000, 0x0000000710700000| Untracked 
| 200|0x0000000710800000, 0x0000000710800000, 0x0000000710900000|  0%| F|  |TAMS 0x0000000710800000, 0x0000000710800000| Untracked 
| 201|0x0000000710900000, 0x0000000710900000, 0x0000000710a00000|  0%| F|  |TAMS 0x0000000710900000, 0x0000000710900000| Untracked 
| 202|0x0000000710a00000, 0x0000000710a00000, 0x0000000710b00000|  0%| F|  |TAMS 0x0000000710a00000, 0x0000000710a00000| Untracked 
| 203|0x0000000710b00000, 0x0000000710b00000, 0x0000000710c00000|  0%| F|  |TAMS 0x0000000710b00000, 0x0000000710b00000| Untracked 
| 204|0x0000000710c00000, 0x0000000710c00000, 0x0000000710d00000|  0%| F|  |TAMS 0x0000000710c00000, 0x0000000710c00000| Untracked 
| 205|0x0000000710d00000, 0x0000000710d00000, 0x0000000710e00000|  0%| F|  |TAMS 0x0000000710d00000, 0x0000000710d00000| Untracked 
| 206|0x0000000710e00000, 0x0000000710e00000, 0x0000000710f00000|  0%| F|  |TAMS 0x0000000710e00000, 0x0000000710e00000| Untracked 
| 207|0x0000000710f00000, 0x0000000710f00000, 0x0000000711000000|  0%| F|  |TAMS 0x0000000710f00000, 0x0000000710f00000| Untracked 
| 208|0x0000000711000000, 0x0000000711000000, 0x0000000711100000|  0%| F|  |TAMS 0x0000000711000000, 0x0000000711000000| Untracked 
| 209|0x0000000711100000, 0x0000000711100000, 0x0000000711200000|  0%| F|  |TAMS 0x0000000711100000, 0x0000000711100000| Untracked 
| 210|0x0000000711200000, 0x0000000711200000, 0x0000000711300000|  0%| F|  |TAMS 0x0000000711200000, 0x0000000711200000| Untracked 
| 211|0x0000000711300000, 0x0000000711300000, 0x0000000711400000|  0%| F|  |TAMS 0x0000000711300000, 0x0000000711300000| Untracked 
| 212|0x0000000711400000, 0x0000000711400000, 0x0000000711500000|  0%| F|  |TAMS 0x0000000711400000, 0x0000000711400000| Untracked 
| 213|0x0000000711500000, 0x0000000711500000, 0x0000000711600000|  0%| F|  |TAMS 0x0000000711500000, 0x0000000711500000| Untracked 
| 214|0x0000000711600000, 0x0000000711600000, 0x0000000711700000|  0%| F|  |TAMS 0x0000000711600000, 0x0000000711600000| Untracked 
| 215|0x0000000711700000, 0x0000000711700000, 0x0000000711800000|  0%| F|  |TAMS 0x0000000711700000, 0x0000000711700000| Untracked 
| 216|0x0000000711800000, 0x0000000711800000, 0x0000000711900000|  0%| F|  |TAMS 0x0000000711800000, 0x0000000711800000| Untracked 
| 217|0x0000000711900000, 0x0000000711900000, 0x0000000711a00000|  0%| F|  |TAMS 0x0000000711900000, 0x0000000711900000| Untracked 
| 218|0x0000000711a00000, 0x0000000711a00000, 0x0000000711b00000|  0%| F|  |TAMS 0x0000000711a00000, 0x0000000711a00000| Untracked 
| 219|0x0000000711b00000, 0x0000000711b00000, 0x0000000711c00000|  0%| F|  |TAMS 0x0000000711b00000, 0x0000000711b00000| Untracked 
| 220|0x0000000711c00000, 0x0000000711c00000, 0x0000000711d00000|  0%| F|  |TAMS 0x0000000711c00000, 0x0000000711c00000| Untracked 
| 221|0x0000000711d00000, 0x0000000711d00000, 0x0000000711e00000|  0%| F|  |TAMS 0x0000000711d00000, 0x0000000711d00000| Untracked 
| 222|0x0000000711e00000, 0x0000000711e00000, 0x0000000711f00000|  0%| F|  |TAMS 0x0000000711e00000, 0x0000000711e00000| Untracked 
| 223|0x0000000711f00000, 0x0000000711f00000, 0x0000000712000000|  0%| F|  |TAMS 0x0000000711f00000, 0x0000000711f00000| Untracked 
| 224|0x0000000712000000, 0x0000000712000000, 0x0000000712100000|  0%| F|  |TAMS 0x0000000712000000, 0x0000000712000000| Untracked 
| 225|0x0000000712100000, 0x0000000712100000, 0x0000000712200000|  0%| F|  |TAMS 0x0000000712100000, 0x0000000712100000| Untracked 
| 226|0x0000000712200000, 0x0000000712200000, 0x0000000712300000|  0%| F|  |TAMS 0x0000000712200000, 0x0000000712200000| Untracked 
| 227|0x0000000712300000, 0x0000000712300000, 0x0000000712400000|  0%| F|  |TAMS 0x0000000712300000, 0x0000000712300000| Untracked 
| 228|0x0000000712400000, 0x0000000712400000, 0x0000000712500000|  0%| F|  |TAMS 0x0000000712400000, 0x0000000712400000| Untracked 
| 229|0x0000000712500000, 0x0000000712500000, 0x0000000712600000|  0%| F|  |TAMS 0x0000000712500000, 0x0000000712500000| Untracked 
| 230|0x0000000712600000, 0x0000000712600000, 0x0000000712700000|  0%| F|  |TAMS 0x0000000712600000, 0x0000000712600000| Untracked 
| 231|0x0000000712700000, 0x0000000712700000, 0x0000000712800000|  0%| F|  |TAMS 0x0000000712700000, 0x0000000712700000| Untracked 
| 232|0x0000000712800000, 0x0000000712800000, 0x0000000712900000|  0%| F|  |TAMS 0x0000000712800000, 0x0000000712800000| Untracked 
| 233|0x0000000712900000, 0x0000000712900000, 0x0000000712a00000|  0%| F|  |TAMS 0x0000000712900000, 0x0000000712900000| Untracked 
| 234|0x0000000712a00000, 0x0000000712a00000, 0x0000000712b00000|  0%| F|  |TAMS 0x0000000712a00000, 0x0000000712a00000| Untracked 
| 235|0x0000000712b00000, 0x0000000712b00000, 0x0000000712c00000|  0%| F|  |TAMS 0x0000000712b00000, 0x0000000712b00000| Untracked 
| 236|0x0000000712c00000, 0x0000000712c00000, 0x0000000712d00000|  0%| F|  |TAMS 0x0000000712c00000, 0x0000000712c00000| Untracked 
| 237|0x0000000712d00000, 0x0000000712d00000, 0x0000000712e00000|  0%| F|  |TAMS 0x0000000712d00000, 0x0000000712d00000| Untracked 
| 238|0x0000000712e00000, 0x0000000712e00000, 0x0000000712f00000|  0%| F|  |TAMS 0x0000000712e00000, 0x0000000712e00000| Untracked 
| 239|0x0000000712f00000, 0x0000000712f00000, 0x0000000713000000|  0%| F|  |TAMS 0x0000000712f00000, 0x0000000712f00000| Untracked 
| 240|0x0000000713000000, 0x0000000713000000, 0x0000000713100000|  0%| F|  |TAMS 0x0000000713000000, 0x0000000713000000| Untracked 
| 241|0x0000000713100000, 0x0000000713100000, 0x0000000713200000|  0%| F|  |TAMS 0x0000000713100000, 0x0000000713100000| Untracked 
| 242|0x0000000713200000, 0x0000000713200000, 0x0000000713300000|  0%| F|  |TAMS 0x0000000713200000, 0x0000000713200000| Untracked 
| 243|0x0000000713300000, 0x0000000713300000, 0x0000000713400000|  0%| F|  |TAMS 0x0000000713300000, 0x0000000713300000| Untracked 
| 244|0x0000000713400000, 0x00000007134f6468, 0x0000000713500000| 96%| E|  |TAMS 0x0000000713400000, 0x0000000713400000| Complete 
| 245|0x0000000713500000, 0x0000000713600000, 0x0000000713600000|100%| E|CS|TAMS 0x0000000713500000, 0x0000000713500000| Complete 
| 246|0x0000000713600000, 0x0000000713700000, 0x0000000713700000|100%| E|CS|TAMS 0x0000000713600000, 0x0000000713600000| Complete 
| 247|0x0000000713700000, 0x0000000713800000, 0x0000000713800000|100%| E|CS|TAMS 0x0000000713700000, 0x0000000713700000| Complete 
| 248|0x0000000713800000, 0x0000000713900000, 0x0000000713900000|100%| E|CS|TAMS 0x0000000713800000, 0x0000000713800000| Complete 
| 249|0x0000000713900000, 0x0000000713a00000, 0x0000000713a00000|100%| E|CS|TAMS 0x0000000713900000, 0x0000000713900000| Complete 
| 250|0x0000000713a00000, 0x0000000713b00000, 0x0000000713b00000|100%| E|CS|TAMS 0x0000000713a00000, 0x0000000713a00000| Complete 
| 251|0x0000000713b00000, 0x0000000713c00000, 0x0000000713c00000|100%| E|CS|TAMS 0x0000000713b00000, 0x0000000713b00000| Complete 

Card table byte_map: [0x00000212c0bb0000,0x00000212c1390000] _byte_map_base: 0x00000212bd390000

Marking Bits (Prev, Next): (CMBitMap*) 0x00000212a7e4e6b8, (CMBitMap*) 0x00000212a7e4e6f0
 Prev Bits: [0x00000212c1b70000, 0x00000212c5a70000)
 Next Bits: [0x00000212c5a70000, 0x00000212c9970000)

Polling page: 0x00000212b0930000

Metaspace:

Usage:
  Non-class:      5.20 MB capacity,     3.44 MB ( 66%) used,     1.75 MB ( 34%) free+waste,     8.88 KB ( <1%) overhead. 
      Class:    659.00 KB capacity,   431.98 KB ( 66%) used,   221.89 KB ( 34%) free+waste,     5.13 KB ( <1%) overhead. 
       Both:      5.84 MB capacity,     3.86 MB ( 66%) used,     1.96 MB ( 34%) free+waste,    14.00 KB ( <1%) overhead. 

Virtual space:
  Non-class space:        8.00 MB reserved,       5.25 MB ( 66%) committed 
      Class space:        1.00 GB reserved,     768.00 KB ( <1%) committed 
             Both:        1.01 GB reserved,       6.00 MB ( <1%) committed 

Chunk freelists:
   Non-Class:  0 bytes
       Class:  13.00 KB
        Both:  13.00 KB

MaxMetaspaceSize: 17179869184.00 GB
CompressedClassSpaceSize: 1.00 GB

CodeHeap 'non-profiled nmethods': size=120000Kb used=172Kb max_used=172Kb free=119827Kb
 bounds [0x00000212b8420000, 0x00000212b8690000, 0x00000212bf950000]
CodeHeap 'profiled nmethods': size=120000Kb used=1072Kb max_used=1072Kb free=118928Kb
 bounds [0x00000212b0ef0000, 0x00000212b1160000, 0x00000212b8420000]
CodeHeap 'non-nmethods': size=5760Kb used=1148Kb max_used=1152Kb free=4611Kb
 bounds [0x00000212b0950000, 0x00000212b0bc0000, 0x00000212b0ef0000]
 total_blobs=1354 nmethods=599 adapters=356
 compilation: enabled
              stopped_count=0, restarted_count=0
 full_count=0

Compilation events (20 events):
Event: 1.322 Thread 0x00000212cc4d4000 nmethod 592 0x00000212b0ffaa10 code [0x00000212b0ffabc0, 0x00000212b0ffaf38]
Event: 1.330 Thread 0x00000212cc4d4000  593       1       java.util.concurrent.ConcurrentHashMap$MapEntry::getKey (5 bytes)
Event: 1.330 Thread 0x00000212cc4d4000 nmethod 593 0x00000212b8447d10 code [0x00000212b8447ea0, 0x00000212b8447fd8]
Event: 1.330 Thread 0x00000212cc4d4000  594       1       java.util.concurrent.ConcurrentHashMap$MapEntry::getValue (5 bytes)
Event: 1.330 Thread 0x00000212cc4d4000 nmethod 594 0x00000212b8448090 code [0x00000212b8448220, 0x00000212b8448358]
Event: 1.330 Thread 0x00000212cc4d4000  595       3       java.lang.String::getChars (54 bytes)
Event: 1.331 Thread 0x00000212cc4d4000 nmethod 595 0x00000212b0ffb090 code [0x00000212b0ffb2a0, 0x00000212b0ffb7e0]
Event: 1.331 Thread 0x00000212cc4d4000  596       3       java.lang.StringLatin1::getChars (12 bytes)
Event: 1.331 Thread 0x00000212cc4d4000 nmethod 596 0x00000212b0ffba10 code [0x00000212b0ffbbc0, 0x00000212b0ffbe78]
Event: 1.332 Thread 0x00000212cc4c9800 nmethod 582 0x00000212b8448410 code [0x00000212b8448600, 0x00000212b8449370]
Event: 1.333 Thread 0x00000212cc4c9800  597       4       java.lang.StringBuilder::append (8 bytes)
Event: 1.334 Thread 0x00000212ce5f4000  598       4       java.lang.AbstractStringBuilder::append (77 bytes)
Event: 1.339 Thread 0x00000212ce5f4000 nmethod 598 0x00000212b8449710 code [0x00000212b84498a0, 0x00000212b8449cf0]
Event: 1.339 Thread 0x00000212cc4c9800 nmethod 597 0x00000212b8449e90 code [0x00000212b844a020, 0x00000212b844a470]
Event: 1.339 Thread 0x00000212ce5f4000  590       4       java.util.HashMap$Node::<init> (26 bytes)
Event: 1.339 Thread 0x00000212cc4c9800  587       4       java.util.HashMap::put (13 bytes)
Event: 1.343 Thread 0x00000212ce5f4000 nmethod 590 0x00000212b844a690 code [0x00000212b844a820, 0x00000212b844ab10]
Event: 1.345 Thread 0x00000212cc4c9800 nmethod 587 0x00000212b844ab90 code [0x00000212b844ad20, 0x00000212b844af10]
Event: 2.204 Thread 0x00000212ce5f4000  599       4       java.lang.System::getSecurityManager (4 bytes)
Event: 2.205 Thread 0x00000212ce5f4000 nmethod 599 0x00000212b844b090 code [0x00000212b844b200, 0x00000212b844b230]

GC Heap History (0 events):
No events

Deoptimization events (0 events):
No events

Classes redefined (0 events):
No events

Internal exceptions (7 events):
Event: 0.136 Thread 0x00000212cc4c9800 Exception <a 'java/lang/NoSuchMethodError'{0x00000007139faa28}: getJVMCIClassLoader> (0x00000007139faa28) thrown at [./src/hotspot/share/prims/jni.cpp, line 1327]
Event: 0.376 Thread 0x00000212a7dee000 Exception <a 'java/lang/NoSuchMethodError'{0x00000007136de7f8}: 'java.lang.Object java.lang.invoke.DirectMethodHandle$Holder.invokeStatic(java.lang.Object, java.lang.Object, java.lang.Object, java.lang.Object, java.lang.Object, java.lang.Object, java.lang.Object, java.lang.Object, java.lang.Object, java.lang.Object, java.lang.Object, int)'> (0x00000007136de7f8) thrown at [./src/hotspot/share/interpreter/linkResolver.cpp, line 773]
Event: 0.382 Thread 0x00000212a7dee000 Exception <a 'java/lang/NoSuchMethodError'{0x00000007136fcf50}: 'java.lang.Object java.lang.invoke.DirectMethodHandle$Holder.invokeStatic(java.lang.Object, java.lang.Object, java.lang.Object, java.lang.Object, java.lang.Object, java.lang.Object, java.lang.Object, java.lang.Object, java.lang.Object, java.lang.Object, java.lang.Object, int, int)'> (0x00000007136fcf50) thrown at [./src/hotspot/share/interpreter/linkResolver.cpp, line 773]
Event: 0.387 Thread 0x00000212a7dee000 Exception <a 'java/lang/NoSuchMethodError'{0x000000071351c2f8}: 'java.lang.Object java.lang.invoke.DirectMethodHandle$Holder.invokeStatic(java.lang.Object, java.lang.Object, java.lang.Object, java.lang.Object, java.lang.Object, java.lang.Object, java.lang.Object, java.lang.Object, java.lang.Object, java.lang.Object, java.lang.Object, int, int, java.lang.Object)'> (0x000000071351c2f8) thrown at [./src/hotspot/share/interpreter/linkResolver.cpp, line 773]
Event: 0.391 Thread 0x00000212a7dee000 Exception <a 'java/lang/NoSuchMethodError'{0x000000071353c948}: 'java.lang.Object java.lang.invoke.DirectMethodHandle$Holder.invokeStatic(java.lang.Object, java.lang.Object, java.lang.Object, java.lang.Object, java.lang.Object, java.lang.Object, java.lang.Object, java.lang.Object, java.lang.Object, java.lang.Object, java.lang.Object, int, int, java.lang.Object, java.lang.Object)'> (0x000000071353c948) thrown at [./src/hotspot/share/interpreter/linkResolver.cpp, line 773]
Event: 0.413 Thread 0x00000212a7dee000 Exception <a 'java/lang/NullPointerException'{0x0000000713556960}> (0x0000000713556960) thrown at [./src/hotspot/share/interpreter/linkResolver.cpp, line 1358]
Event: 0.416 Thread 0x00000212a7dee000 Exception <a 'java/lang/NullPointerException'{0x000000071355b7c8}> (0x000000071355b7c8) thrown at [./src/hotspot/share/interpreter/linkResolver.cpp, line 1358]

Events (20 events):
Event: 1.313 loading class sun/util/locale/provider/TimeZoneNameProviderImpl done
Event: 1.313 loading class sun/util/cldr/CLDRTimeZoneNameProviderImpl done
Event: 1.315 loading class sun/util/locale/provider/BaseLocaleDataMetaInfo
Event: 1.315 loading class sun/util/locale/provider/BaseLocaleDataMetaInfo done
Event: 1.316 loading class sun/util/cldr/CLDRBaseLocaleDataMetaInfo$TZCanonicalIDMapHolder
Event: 1.316 loading class sun/util/cldr/CLDRBaseLocaleDataMetaInfo$TZCanonicalIDMapHolder done
Event: 1.318 loading class sun/util/resources/cldr/TimeZoneNames
Event: 1.319 loading class sun/util/resources/TimeZoneNamesBundle
Event: 1.319 loading class sun/util/resources/OpenListResourceBundle
Event: 1.319 loading class sun/util/resources/OpenListResourceBundle done
Event: 1.319 loading class sun/util/resources/TimeZoneNamesBundle done
Event: 1.319 loading class sun/util/resources/cldr/TimeZoneNames done
Event: 1.319 loading class sun/util/resources/cldr/TimeZoneNames_en
Event: 1.320 loading class sun/util/resources/cldr/TimeZoneNames_en done
Event: 1.320 loading class sun/util/resources/cldr/TimeZoneNames_en_US
Event: 1.320 loading class sun/util/resources/cldr/TimeZoneNames_en_US done
Event: 1.322 loading class java/util/LinkedHashMap$LinkedKeySet
Event: 1.322 loading class java/util/LinkedHashMap$LinkedKeySet done
Event: 1.333 Thread 0x00000212ce5f4000 Thread added: 0x00000212ce5f4000
Event: 7.210 Thread 0x00000212ce5f4000 Thread exited: 0x00000212ce5f4000


Dynamic libraries:
0x00007ff6c74c0000 - 0x00007ff6c74cd000 	C:\Users\LiangchengJ\iCloudDrive\Documents\graal\11.0.7+10_20.1.0\windows\bin\java.exe
0x00007ffcde050000 - 0x00007ffcde244000 	C:\Windows\SYSTEM32\ntdll.dll
0x00007ffcdda60000 - 0x00007ffcddb1d000 	C:\Windows\System32\KERNEL32.DLL
0x00007ffcdba70000 - 0x00007ffcdbd37000 	C:\Windows\System32\KERNELBASE.dll
0x00007ffcdb940000 - 0x00007ffcdba40000 	C:\Windows\System32\ucrtbase.dll
0x00007ffcd00d0000 - 0x00007ffcd00e6000 	C:\Users\LiangchengJ\iCloudDrive\Documents\graal\11.0.7+10_20.1.0\windows\bin\VCRUNTIME140.dll
0x00007ffcd00f0000 - 0x00007ffcd0108000 	C:\Users\LiangchengJ\iCloudDrive\Documents\graal\11.0.7+10_20.1.0\windows\bin\jli.dll
0x00007ffcdd800000 - 0x00007ffcdd9a0000 	C:\Windows\System32\USER32.dll
0x00007ffcdabd0000 - 0x00007ffcdae6a000 	C:\Windows\WinSxS\amd64_microsoft.windows.common-controls_6595b64144ccf1df_6.0.19041.1_none_b555e41d4684ddec\COMCTL32.dll
0x00007ffcdb910000 - 0x00007ffcdb932000 	C:\Windows\System32\win32u.dll
0x00007ffcddb50000 - 0x00007ffcddbee000 	C:\Windows\System32\msvcrt.dll
0x00007ffcdc320000 - 0x00007ffcdc34a000 	C:\Windows\System32\GDI32.dll
0x00007ffcdb800000 - 0x00007ffcdb90a000 	C:\Windows\System32\gdi32full.dll
0x00007ffcdc020000 - 0x00007ffcdc0bd000 	C:\Windows\System32\msvcp_win.dll
0x00007ffcddb20000 - 0x00007ffcddb50000 	C:\Windows\System32\IMM32.DLL
0x00007ffcc0ac0000 - 0x00007ffcc0b6a000 	C:\Users\LiangchengJ\iCloudDrive\Documents\graal\11.0.7+10_20.1.0\windows\bin\msvcp140.dll
0x00007ffc615c0000 - 0x00007ffc6211b000 	C:\Users\LiangchengJ\iCloudDrive\Documents\graal\11.0.7+10_20.1.0\windows\bin\server\jvm.dll
0x00007ffcdc350000 - 0x00007ffcdc3fa000 	C:\Windows\System32\ADVAPI32.dll
0x00007ffcddd20000 - 0x00007ffcdddbb000 	C:\Windows\System32\sechost.dll
0x00007ffcdc400000 - 0x00007ffcdc523000 	C:\Windows\System32\RPCRT4.dll
0x00007ffcdddf0000 - 0x00007ffcdddf8000 	C:\Windows\System32\PSAPI.DLL
0x00007ffcc0cf0000 - 0x00007ffcc0cf9000 	C:\Windows\SYSTEM32\WSOCK32.dll
0x00007ffcd60c0000 - 0x00007ffcd60ca000 	C:\Windows\SYSTEM32\VERSION.dll
0x00007ffcb3770000 - 0x00007ffcb3797000 	C:\Windows\SYSTEM32\WINMM.dll
0x00007ffcdde00000 - 0x00007ffcdde6b000 	C:\Windows\System32\WS2_32.dll
0x00007ffcd9330000 - 0x00007ffcd9343000 	C:\Windows\SYSTEM32\kernel.appcore.dll
0x00007ffcd0040000 - 0x00007ffcd0051000 	C:\Users\LiangchengJ\iCloudDrive\Documents\graal\11.0.7+10_20.1.0\windows\bin\verify.dll
0x00007ffcdb290000 - 0x00007ffcdb474000 	C:\Windows\SYSTEM32\DBGHELP.DLL
0x00007ffcdb130000 - 0x00007ffcdb15c000 	C:\Windows\SYSTEM32\dbgcore.DLL
0x00007ffcdbfa0000 - 0x00007ffcdc01f000 	C:\Windows\System32\bcryptPrimitives.dll
0x00007ffcd0010000 - 0x00007ffcd0038000 	C:\Users\LiangchengJ\iCloudDrive\Documents\graal\11.0.7+10_20.1.0\windows\bin\java.dll
0x00007ffcd0000000 - 0x00007ffcd000a000 	C:\Users\LiangchengJ\iCloudDrive\Documents\graal\11.0.7+10_20.1.0\windows\bin\jimage.dll
0x00007ffccfe90000 - 0x00007ffccfe9e000 	C:\Users\LiangchengJ\iCloudDrive\Documents\graal\11.0.7+10_20.1.0\windows\bin\instrument.dll
0x00007ffccffe0000 - 0x00007ffccfff7000 	C:\Users\LiangchengJ\iCloudDrive\Documents\graal\11.0.7+10_20.1.0\windows\bin\zip.dll
0x00007ffcdcde0000 - 0x00007ffcdd515000 	C:\Windows\System32\SHELL32.dll
0x00007ffcd5920000 - 0x00007ffcd60af000 	C:\Windows\SYSTEM32\windows.storage.dll
0x00007ffcdc590000 - 0x00007ffcdc8e3000 	C:\Windows\System32\combase.dll
0x00007ffcdab30000 - 0x00007ffcdab5b000 	C:\Windows\SYSTEM32\Wldp.dll
0x00007ffcdc270000 - 0x00007ffcdc31e000 	C:\Windows\System32\SHCORE.dll
0x00007ffcddfb0000 - 0x00007ffcde005000 	C:\Windows\System32\shlwapi.dll
0x00007ffcdb6e0000 - 0x00007ffcdb6ff000 	C:\Windows\SYSTEM32\profapi.dll
0x00007ffc46d00000 - 0x00007ffc48872000 	C:\Users\LiangchengJ\iCloudDrive\Documents\graal\11.0.7+10_20.1.0\windows\bin\jvmcicompiler.dll
0x00007ffcdb660000 - 0x00007ffcdb68e000 	C:\Windows\SYSTEM32\USERENV.dll
0x00007ffcda8b0000 - 0x00007ffcda91a000 	C:\Windows\SYSTEM32\MSWSOCK.dll
0x00007ffcda5a0000 - 0x00007ffcda5db000 	C:\Windows\SYSTEM32\IPHLPAPI.DLL
0x00007ffccfec0000 - 0x00007ffccfed9000 	C:\Users\LiangchengJ\iCloudDrive\Documents\graal\11.0.7+10_20.1.0\windows\bin\net.dll
0x00007ffcd1820000 - 0x00007ffcd1920000 	C:\Windows\SYSTEM32\WINHTTP.dll
0x00007ffccf040000 - 0x00007ffccf053000 	C:\Users\LiangchengJ\iCloudDrive\Documents\graal\11.0.7+10_20.1.0\windows\bin\nio.dll
0x00007ffcc5e90000 - 0x00007ffcc5eaa000 	C:\Program Files\intellij_idea\windows\bin\breakgen64.dll
0x00007ffcc1200000 - 0x00007ffcc1229000 	C:\Users\LiangchengJ\Desktop\GitHub\amuse\gous.dll
0x00007ffcbd870000 - 0x00007ffcbd91c000 	C:\Windows\SYSTEM32\TextShaping.dll
0x00007ffcd9d60000 - 0x00007ffcd9dff000 	C:\Windows\system32\uxtheme.dll
0x00007ffcdd520000 - 0x00007ffcdd635000 	C:\Windows\System32\MSCTF.dll
0x00007ffcdc0c0000 - 0x00007ffcdc18d000 	C:\Windows\System32\OLEAUT32.dll
0x00007ffcc8930000 - 0x00007ffcc8a2c000 	C:\Windows\SYSTEM32\textinputframework.dll
0x00007ffcd4c30000 - 0x00007ffcd4f8a000 	C:\Windows\System32\CoreUIComponents.dll
0x00007ffcdb1e0000 - 0x00007ffcdb213000 	C:\Windows\SYSTEM32\ntmarta.dll
0x00007ffcd3c50000 - 0x00007ffcd3da6000 	C:\Windows\SYSTEM32\wintypes.dll
0x00007ffcd9a30000 - 0x00007ffcd9b22000 	C:\Windows\System32\CoreMessaging.dll
0x00007ffcddbf0000 - 0x00007ffcddd19000 	C:\Windows\System32\ole32.dll

dbghelp: loaded successfully - version: 4.0.5 - missing functions: none
symbol engine: initialized successfully - sym options: 0x614 - pdb path: .;C:\Users\LiangchengJ\iCloudDrive\Documents\graal\11.0.7+10_20.1.0\windows\bin;C:\Windows\SYSTEM32;C:\Windows\WinSxS\amd64_microsoft.windows.common-controls_6595b64144ccf1df_6.0.19041.1_none_b555e41d4684ddec;C:\Users\LiangchengJ\iCloudDrive\Documents\graal\11.0.7+10_20.1.0\windows\bin\server;C:\Program Files\intellij_idea\windows\bin;C:\Users\LiangchengJ\Desktop\GitHub\amuse

VM Arguments:
jvm_args: -XX:+UnlockExperimentalVMOptions -XX:+EnableJVMCIProduct -XX:-UnlockExperimentalVMOptions -XX:ThreadPriorityPolicy=1 -javaagent:C:\Program Files\intellij_idea\windows\lib\idea_rt.jar=56061:C:\Program Files\intellij_idea\windows\bin -Dfile.encoding=UTF-8 
java_command: com.meyoustu.amuse.gous.lang.SystemTest
java_class_path (initial): C:\Users\LiangchengJ\Desktop\GitHub\amuse\gous\target\test-classes;C:\Users\LiangchengJ\Desktop\GitHub\amuse\gous\target\classes;C:\Users\LiangchengJ\.m2\repository\org\junit\jupiter\junit-jupiter-api\5.7.0-M1\junit-jupiter-api-5.7.0-M1.jar;C:\Users\LiangchengJ\.m2\repository\org\apiguardian\apiguardian-api\1.1.0\apiguardian-api-1.1.0.jar;C:\Users\LiangchengJ\.m2\repository\org\opentest4j\opentest4j\1.2.0\opentest4j-1.2.0.jar;C:\Users\LiangchengJ\.m2\repository\org\junit\platform\junit-platform-commons\1.7.0-M1\junit-platform-commons-1.7.0-M1.jar
Launcher Type: SUN_STANDARD

[Global flags]
     intx CICompilerCount                          = 4                                         {product} {ergonomic}
     uint ConcGCThreads                            = 2                                         {product} {ergonomic}
     bool EnableJVMCIProduct                       = true                                {JVMCI product} {jimage}
     uint G1ConcRefinementThreads                  = 8                                         {product} {ergonomic}
   size_t G1HeapRegionSize                         = 1048576                                   {product} {ergonomic}
    uintx GCDrainStackTargetSize                   = 64                                        {product} {ergonomic}
   size_t InitialHeapSize                          = 264241152                                 {product} {ergonomic}
   size_t MarkStackSize                            = 4194304                                   {product} {ergonomic}
   size_t MaxHeapSize                              = 4227858432                                {product} {ergonomic}
   size_t MaxNewSize                               = 2536505344                                {product} {ergonomic}
   size_t MinHeapDeltaBytes                        = 1048576                                   {product} {ergonomic}
    uintx NonNMethodCodeHeapSize                   = 5836300                                {pd product} {ergonomic}
    uintx NonProfiledCodeHeapSize                  = 122910970                              {pd product} {ergonomic}
    uintx ProfiledCodeHeapSize                     = 122910970                              {pd product} {ergonomic}
    uintx ReservedCodeCacheSize                    = 251658240                              {pd product} {ergonomic}
     bool SegmentedCodeCache                       = true                                      {product} {ergonomic}
     intx ThreadPriorityPolicy                     = 1                                         {product} {jimage}
     bool UseCompressedClassPointers               = true                                 {lp64_product} {ergonomic}
     bool UseCompressedOops                        = true                                 {lp64_product} {ergonomic}
     bool UseG1GC                                  = true                                      {product} {ergonomic}
     bool UseLargePagesIndividualAllocation        = false                                  {pd product} {ergonomic}

Logging:
Log output configuration:
 #0: stdout all=warning uptime,level,tags
 #1: stderr all=off uptime,level,tags

Environment Variables:
JAVA_HOME=C:\Users\LiangchengJ\iCloudDrive\Documents\graal\11.0.7+10_20.1.0\windows\
JRE_HOME=C:\Users\LiangchengJ\iCloudDrive\Documents\graal\11.0.7+10_20.1.0\windows\
CLASSPATH=C:\Users\LiangchengJ\iCloudDrive\Documents\graal\11.0.7+10_20.1.0\windows\lib
PATH=C:\Users\LiangchengJ\.cargo\bin;C:\Users\LiangchengJ\AppData\Local\Microsoft\WindowsApps;C:\Program Files\mysql\8.0.19\bin;C:\Users\LiangchengJ\AppData\Local\atom\bin;C:\Program Files\flutter\bin;C:\Program Files\flutter\bin\cache\dart-sdk\bin;C:\Users\LiangchengJ\anaconda3;C:\Users\LiangchengJ\anaconda3\Scripts;C:\Users\LiangchengJ\anaconda3\Library\bin;C:\Program Files (x86)\Microsoft Visual Studio\2019\BuildTools\VC\Tools\MSVC\14.26.28801\bin\Hostx64\x64;C:\Users\LiangchengJ\Desktop\cygwin\bin;C:\Users\LiangchengJ\AppData\Local\Programs\Azure Data Studio\bin;C:\Users\LiangchengJ\.cargo\bin;C:\Users\LiangchengJ\AppData\Local\Microsoft\WindowsApps;C:\Program Files\mysql\8.0.19\bin;C:\Users\LiangchengJ\AppData\Local\atom\bin;C:\Program Files\flutter\bin;C:\Program Files\flutter\bin\cache\dart-sdk\bin;C:\Users\LiangchengJ\anaconda3;C:\Users\LiangchengJ\anaconda3\Scripts;C:\Users\LiangchengJ\anaconda3\Library\bin;C:\Program Files (x86)\Microsoft Visual Studio\2019\BuildTools\VC\Tools\MSVC\14.26.28801\bin\Hostx64\x64;C:\Users\LiangchengJ\Desktop\cygwin\bin;C:\Users\LiangchengJ\AppData\Local\Programs\Azure Data Studio\bin;C:\Users\LiangchengJ\iCloudDrive\Documents\liangchengj\c\gcc\9.2.0\mingw\bin;C:\Users\LiangchengJ\iCloudDrive\Documents\liangchengj\xz\opencv\4.3.0\windows\x64\vc15\bin;C:\Users\LiangchengJ\iCloudDrive\Documents\graal\11.0.7+10_20.1.0\windows\bin;C:\Users\LiangchengJ\iCloudDrive\Documents\graal\11.0.7+10_20.1.0\windows\languages\js\bin;C:\Users\LiangchengJ\AppData\Local\Android\Sdk\emulator;C:\Users\LiangchengJ\iCloudDrive\Documents\liangchengj\xz\protoc\3.11.4\bin;
USERNAME=LiangchengJ
OS=Windows_NT
PROCESSOR_IDENTIFIER=Intel64 Family 6 Model 126 Stepping 5, GenuineIntel



---------------  S Y S T E M  ---------------

OS: Windows 10 , 64 bit Build 19041 (10.0.19041.292)
OS uptime: 0 days 3:11 hours

CPU:total 8 (initial active 8) (4 cores per cpu, 2 threads per core) family 6 model 126 stepping 5, cmov, cx8, fxsr, mmx, sse, sse2, sse3, ssse3, sse4.1, sse4.2, popcnt, avx, avx2, aes, clmul, erms, 3dnowpref, lzcnt, ht, tsc, tscinvbit, bmi1, bmi2, adx, evex, sha, fma

Memory: 4k page, system-wide physical 16127M (6801M free)
TotalPageFile size 39679M (AvailPageFile size 27296M)
current process WorkingSet (physical memory assigned to process): 131M, peak: 131M
current process commit charge ("private bytes"): 418M, peak: 420M

vm_info: OpenJDK 64-Bit Server VM (11.0.7+10-jvmci-20.1-b02) for windows-amd64 JRE (11.0.7+10-jvmci-20.1-b02), built on Apr 21 2020 21:51:15 by "" with MS VC++ 15.5 (VS2017)

END.
